<?xml version="1.0" encoding="UTF-8"?>
<robot generator="Robot 7.3.2 (Python 3.13.7 on win32)" generated="2025-10-23T22:59:03.079986" rpa="false" schemaversion="5">
<suite id="s1" name="Test" source="C:\Users\dana_\Documents\MastersDegree\1stSemester\SoftwareTesting\ass2\testCases\Test.robot">
<test id="s1-t1" name="SIGN UP" line="11">
<kw name="Sign up" owner="resources">
<kw name="Open Browser" owner="SeleniumLibrary">
<msg time="2025-10-23T22:59:03.414056" level="INFO">Opening browser 'Chrome' to base url 'https://www.demoblaze.com/'.</msg>
<arg>${baseUrl}</arg>
<arg>Chrome</arg>
<doc>Opens a new browser instance to the optional ``url``.</doc>
<status status="PASS" start="2025-10-23T22:59:03.413780" elapsed="3.538864"/>
</kw>
<kw name="Wait Until Page Contains Element" owner="SeleniumLibrary">
<arg>${signUpButton}</arg>
<arg>timeout=80</arg>
<arg>error=logInButtonNotFound</arg>
<doc>Waits until the element ``locator`` appears on the current page.</doc>
<status status="PASS" start="2025-10-23T22:59:06.952964" elapsed="0.017049"/>
</kw>
<kw name="Sleep" owner="BuiltIn">
<msg time="2025-10-23T22:59:07.970896" level="INFO">Slept 1 second.</msg>
<arg>1s</arg>
<doc>Pauses the test executed for the given time.</doc>
<status status="PASS" start="2025-10-23T22:59:06.970282" elapsed="1.000996"/>
</kw>
<kw name="Click Element" owner="SeleniumLibrary">
<msg time="2025-10-23T22:59:07.972765" level="INFO">Clicking element '//*[@id="signin2"]'.</msg>
<arg>${signUpButton}</arg>
<doc>Click the element identified by ``locator``.</doc>
<status status="PASS" start="2025-10-23T22:59:07.971892" elapsed="0.321136"/>
</kw>
<kw name="Wait Until Page Contains Element" owner="SeleniumLibrary">
<arg>${signUpUsername}</arg>
<arg>timeout=80</arg>
<arg>error=logInButtonNotFound</arg>
<doc>Waits until the element ``locator`` appears on the current page.</doc>
<status status="PASS" start="2025-10-23T22:59:08.293596" elapsed="0.050958"/>
</kw>
<kw name="Sleep" owner="BuiltIn">
<msg time="2025-10-23T22:59:09.346774" level="INFO">Slept 1 second.</msg>
<arg>1s</arg>
<doc>Pauses the test executed for the given time.</doc>
<status status="PASS" start="2025-10-23T22:59:08.345544" elapsed="1.001545"/>
</kw>
<kw name="Input Text" owner="SeleniumLibrary">
<msg time="2025-10-23T22:59:09.349298" level="INFO">Typing text 'danaTest1' into text field '//*[@id="sign-username"]'.</msg>
<arg>${signUpUsername}</arg>
<arg>${login}</arg>
<doc>Types the given ``text`` into the text field identified by ``locator``.</doc>
<status status="PASS" start="2025-10-23T22:59:09.347899" elapsed="0.181478"/>
</kw>
<kw name="Sleep" owner="BuiltIn">
<msg time="2025-10-23T22:59:11.530215" level="INFO">Slept 2 seconds.</msg>
<arg>2s</arg>
<doc>Pauses the test executed for the given time.</doc>
<status status="PASS" start="2025-10-23T22:59:09.529607" elapsed="2.001042"/>
</kw>
<kw name="Input Password" owner="SeleniumLibrary">
<msg time="2025-10-23T22:59:11.532831" level="INFO">Typing password into text field '//*[@id="sign-password"]'.</msg>
<msg time="2025-10-23T22:59:11.638313" level="INFO">Temporally setting log level to: NONE</msg>
<arg>${signUpPassword}</arg>
<arg>${password}</arg>
<doc>Types the given password into the text field identified by ``locator``.</doc>
<status status="PASS" start="2025-10-23T22:59:11.531460" elapsed="0.145638"/>
</kw>
<kw name="Sleep" owner="BuiltIn">
<msg time="2025-10-23T22:59:13.678012" level="INFO">Slept 2 seconds.</msg>
<arg>2s</arg>
<doc>Pauses the test executed for the given time.</doc>
<status status="PASS" start="2025-10-23T22:59:11.677300" elapsed="2.000833"/>
</kw>
<kw name="Click Element" owner="SeleniumLibrary">
<msg time="2025-10-23T22:59:13.678566" level="INFO">Clicking element '//*[@id="signInModal"]/div/div/div[3]/button[2]'.</msg>
<arg>${signUpFormButton}</arg>
<doc>Click the element identified by ``locator``.</doc>
<status status="PASS" start="2025-10-23T22:59:13.678308" elapsed="0.058997"/>
</kw>
<kw name="Sleep" owner="BuiltIn">
<msg time="2025-10-23T22:59:16.738296" level="INFO">Slept 3 seconds.</msg>
<arg>3s</arg>
<doc>Pauses the test executed for the given time.</doc>
<status status="PASS" start="2025-10-23T22:59:13.737551" elapsed="3.000906"/>
</kw>
<status status="PASS" start="2025-10-23T22:59:03.413007" elapsed="13.325640"/>
</kw>
<kw name="Close Browser" owner="resources">
<kw name="Close All Browsers" owner="SeleniumLibrary">
<doc>Closes all open browsers and resets the browser cache.</doc>
<status status="PASS" start="2025-10-23T22:59:16.739440" elapsed="2.159551"/>
</kw>
<status status="PASS" start="2025-10-23T22:59:16.739129" elapsed="2.160340"/>
</kw>
<status status="PASS" start="2025-10-23T22:59:03.412113" elapsed="15.488479"/>
</test>
<test id="s1-t2" name="LOGIN_TEST" line="17">
<kw name="Log in" owner="resources">
<kw name="Open Browser" owner="SeleniumLibrary">
<msg time="2025-10-23T22:59:18.907022" level="INFO">Opening browser 'Chrome' to base url 'https://www.demoblaze.com/'.</msg>
<arg>${baseUrl}</arg>
<arg>Chrome</arg>
<doc>Opens a new browser instance to the optional ``url``.</doc>
<status status="PASS" start="2025-10-23T22:59:18.906213" elapsed="2.644197"/>
</kw>
<kw name="Wait Until Page Contains Element" owner="SeleniumLibrary">
<arg>${logInButton}</arg>
<arg>timeout=80</arg>
<arg>error=logInButtonNotFound</arg>
<doc>Waits until the element ``locator`` appears on the current page.</doc>
<status status="PASS" start="2025-10-23T22:59:21.550618" elapsed="0.014698"/>
</kw>
<kw name="Sleep" owner="BuiltIn">
<msg time="2025-10-23T22:59:22.565977" level="INFO">Slept 1 second.</msg>
<arg>1s</arg>
<doc>Pauses the test executed for the given time.</doc>
<status status="PASS" start="2025-10-23T22:59:21.565497" elapsed="1.000591"/>
</kw>
<kw name="Click Element" owner="SeleniumLibrary">
<msg time="2025-10-23T22:59:22.566497" level="INFO">Clicking element '//*[@id="login2"]'.</msg>
<arg>${logInButton}</arg>
<doc>Click the element identified by ``locator``.</doc>
<status status="PASS" start="2025-10-23T22:59:22.566260" elapsed="0.070565"/>
</kw>
<kw name="Wait Until Page Contains Element" owner="SeleniumLibrary">
<arg>${loginUsernameField}</arg>
<arg>timeout=80</arg>
<arg>error=logInButtonNotFound</arg>
<doc>Waits until the element ``locator`` appears on the current page.</doc>
<status status="PASS" start="2025-10-23T22:59:22.637022" elapsed="0.010836"/>
</kw>
<kw name="Sleep" owner="BuiltIn">
<msg time="2025-10-23T22:59:23.648773" level="INFO">Slept 1 second.</msg>
<arg>1s</arg>
<doc>Pauses the test executed for the given time.</doc>
<status status="PASS" start="2025-10-23T22:59:22.648035" elapsed="1.000885"/>
</kw>
<kw name="Input Text" owner="SeleniumLibrary">
<msg time="2025-10-23T22:59:23.649555" level="INFO">Typing text 'danaTest1' into text field '//*[@id="loginusername"]'.</msg>
<arg>${loginUsernameField}</arg>
<arg>${login}</arg>
<doc>Types the given ``text`` into the text field identified by ``locator``.</doc>
<status status="PASS" start="2025-10-23T22:59:23.649171" elapsed="0.203655"/>
</kw>
<kw name="Input Password" owner="SeleniumLibrary">
<msg time="2025-10-23T22:59:23.853272" level="INFO">Typing password into text field '//*[@id="loginpassword"]'.</msg>
<msg time="2025-10-23T22:59:23.884678" level="INFO">Temporally setting log level to: NONE</msg>
<arg>${loginPasswordField}</arg>
<arg>${password}</arg>
<doc>Types the given password into the text field identified by ``locator``.</doc>
<status status="PASS" start="2025-10-23T22:59:23.853007" elapsed="0.069417"/>
</kw>
<kw name="Sleep" owner="BuiltIn">
<msg time="2025-10-23T22:59:24.922977" level="INFO">Slept 1 second.</msg>
<arg>1s</arg>
<doc>Pauses the test executed for the given time.</doc>
<status status="PASS" start="2025-10-23T22:59:23.922588" elapsed="1.000525"/>
</kw>
<kw name="Click Element" owner="SeleniumLibrary">
<msg time="2025-10-23T22:59:24.923636" level="INFO">Clicking element '//*[@id="logInModal"]/div/div/div[3]/button[2]'.</msg>
<arg>${logInFormButton}</arg>
<doc>Click the element identified by ``locator``.</doc>
<status status="PASS" start="2025-10-23T22:59:24.923312" elapsed="0.061017"/>
</kw>
<kw name="Sleep" owner="BuiltIn">
<msg time="2025-10-23T22:59:26.985170" level="INFO">Slept 2 seconds.</msg>
<arg>2s</arg>
<doc>Pauses the test executed for the given time.</doc>
<status status="PASS" start="2025-10-23T22:59:24.984687" elapsed="2.000816"/>
</kw>
<status status="PASS" start="2025-10-23T22:59:18.905104" elapsed="8.080782"/>
</kw>
<kw name="Log out" owner="resources">
<kw name="Wait Until Page Contains Element" owner="SeleniumLibrary">
<arg>${logOutButton}</arg>
<arg>timeout=80</arg>
<arg>error=logOutButtonNotFound</arg>
<doc>Waits until the element ``locator`` appears on the current page.</doc>
<status status="PASS" start="2025-10-23T22:59:26.988166" elapsed="0.042544"/>
</kw>
<kw name="Sleep" owner="BuiltIn">
<msg time="2025-10-23T22:59:28.032290" level="INFO">Slept 1 second.</msg>
<arg>1s</arg>
<doc>Pauses the test executed for the given time.</doc>
<status status="PASS" start="2025-10-23T22:59:27.031361" elapsed="1.001266"/>
</kw>
<kw name="Click Element" owner="SeleniumLibrary">
<msg time="2025-10-23T22:59:28.034080" level="INFO">Clicking element '//*[@id="logout2"]'.</msg>
<msg time="2025-10-23T22:59:28.369130" level="INFO" html="true">&lt;/td&gt;&lt;/tr&gt;&lt;tr&gt;&lt;td colspan="3"&gt;&lt;a href="selenium-screenshot-33.png"&gt;&lt;img src="selenium-screenshot-33.png" width="800px"&gt;&lt;/a&gt;</msg>
<msg time="2025-10-23T22:59:28.369327" level="FAIL">ElementNotInteractableException: Message: element not interactable
  (Session info: chrome=141.0.7390.109); For documentation on this error, please visit: https://www.selenium.dev/documentation/webdriver/troubleshooting/errors#elementnotinteractableexception
Stacktrace:
	GetHandleVerifier [0x0x7ff7a503e8e5+80021]
	GetHandleVerifier [0x0x7ff7a503e940+80112]
	(No symbol) [0x0x7ff7a4dc0425]
	(No symbol) [0x0x7ff7a4e19dc3]
	(No symbol) [0x0x7ff7a4e0b7c8]
	(No symbol) [0x0x7ff7a4e4122a]
	(No symbol) [0x0x7ff7a4e0b056]
	(No symbol) [0x0x7ff7a4e41440]
	(No symbol) [0x0x7ff7a4e6968a]
	(No symbol) [0x0x7ff7a4e41003]
	(No symbol) [0x0x7ff7a4e095d1]
	(No symbol) [0x0x7ff7a4e0a3f3]
	GetHandleVerifier [0x0x7ff7a52fdc7d+2960429]
	GetHandleVerifier [0x0x7ff7a52f7f3a+2936554]
	GetHandleVerifier [0x0x7ff7a5318977+3070247]
	GetHandleVerifier [0x0x7ff7a50583ce+185214]
	GetHandleVerifier [0x0x7ff7a505fe1f+216527]
	GetHandleVerifier [0x0x7ff7a5047b24+117460]
	GetHandleVerifier [0x0x7ff7a5047cdf+117903]
	GetHandleVerifier [0x0x7ff7a502dbb8+11112]
	BaseThreadInitThunk [0x0x7ffc46ffe8d7+23]
	RtlUserThreadStart [0x0x7ffc4820c53c+44]
</msg>
<arg>${logOutButton}</arg>
<doc>Click the element identified by ``locator``.</doc>
<status status="FAIL" start="2025-10-23T22:59:28.033229" elapsed="0.339796">ElementNotInteractableException: Message: element not interactable
  (Session info: chrome=141.0.7390.109); For documentation on this error, please visit: https://www.selenium.dev/documentation/webdriver/troubleshooting/errors#elementnotinteractableexception
Stacktrace:
	GetHandleVerifier [0x0x7ff7a503e8e5+80021]
	GetHandleVerifier [0x0x7ff7a503e940+80112]
	(No symbol) [0x0x7ff7a4dc0425]
	(No symbol) [0x0x7ff7a4e19dc3]
	(No symbol) [0x0x7ff7a4e0b7c8]
	(No symbol) [0x0x7ff7a4e4122a]
	(No symbol) [0x0x7ff7a4e0b056]
	(No symbol) [0x0x7ff7a4e41440]
	(No symbol) [0x0x7ff7a4e6968a]
	(No symbol) [0x0x7ff7a4e41003]
	(No symbol) [0x0x7ff7a4e095d1]
	(No symbol) [0x0x7ff7a4e0a3f3]
	GetHandleVerifier [0x0x7ff7a52fdc7d+2960429]
	GetHandleVerifier [0x0x7ff7a52f7f3a+2936554]
	GetHandleVerifier [0x0x7ff7a5318977+3070247]
	GetHandleVerifier [0x0x7ff7a50583ce+185214]
	GetHandleVerifier [0x0x7ff7a505fe1f+216527]
	GetHandleVerifier [0x0x7ff7a5047b24+117460]
	GetHandleVerifier [0x0x7ff7a5047cdf+117903]
	GetHandleVerifier [0x0x7ff7a502dbb8+11112]
	BaseThreadInitThunk [0x0x7ffc46ffe8d7+23]
	RtlUserThreadStart [0x0x7ffc4820c53c+44]
</status>
</kw>
<kw name="Wait Until Page Contains Element" owner="SeleniumLibrary">
<arg>${logInButton}</arg>
<arg>timeout=80</arg>
<arg>error=logOutButtonNotFound</arg>
<doc>Waits until the element ``locator`` appears on the current page.</doc>
<status status="NOT RUN" start="2025-10-23T22:59:28.373208" elapsed="0.000037"/>
</kw>
<kw name="Sleep" owner="BuiltIn">
<arg>2s</arg>
<doc>Pauses the test executed for the given time.</doc>
<status status="NOT RUN" start="2025-10-23T22:59:28.373365" elapsed="0.000034"/>
</kw>
<status status="FAIL" start="2025-10-23T22:59:26.987206" elapsed="1.386332">ElementNotInteractableException: Message: element not interactable
  (Session info: chrome=141.0.7390.109); For documentation on this error, please visit: https://www.selenium.dev/documentation/webdriver/troubleshooting/errors#elementnotinteractableexception
Stacktrace:
	GetHandleVerifier [0x0x7ff7a503e8e5+80021]
	GetHandleVerifier [0x0x7ff7a503e940+80112]
	(No symbol) [0x0x7ff7a4dc0425]
	(No symbol) [0x0x7ff7a4e19dc3]
	(No symbol) [0x0x7ff7a4e0b7c8]
	(No symbol) [0x0x7ff7a4e4122a]
	(No symbol) [0x0x7ff7a4e0b056]
	(No symbol) [0x0x7ff7a4e41440]
	(No symbol) [0x0x7ff7a4e6968a]
	(No symbol) [0x0x7ff7a4e41003]
	(No symbol) [0x0x7ff7a4e095d1]
	(No symbol) [0x0x7ff7a4e0a3f3]
	GetHandleVerifier [0x0x7ff7a52fdc7d+2960429]
	GetHandleVerifier [0x0x7ff7a52f7f3a+2936554]
	GetHandleVerifier [0x0x7ff7a5318977+3070247]
	GetHandleVerifier [0x0x7ff7a50583ce+185214]
	GetHandleVerifier [0x0x7ff7a505fe1f+216527]
	GetHandleVerifier [0x0x7ff7a5047b24+117460]
	GetHandleVerifier [0x0x7ff7a5047cdf+117903]
	GetHandleVerifier [0x0x7ff7a502dbb8+11112]
	BaseThreadInitThunk [0x0x7ffc46ffe8d7+23]
	RtlUserThreadStart [0x0x7ffc4820c53c+44]
</status>
</kw>
<kw name="Close Browser" owner="resources">
<status status="NOT RUN" start="2025-10-23T22:59:28.373883" elapsed="0.000058"/>
</kw>
<status status="FAIL" start="2025-10-23T22:59:18.903053" elapsed="9.471257">ElementNotInteractableException: Message: element not interactable
  (Session info: chrome=141.0.7390.109); For documentation on this error, please visit: https://www.selenium.dev/documentation/webdriver/troubleshooting/errors#elementnotinteractableexception
Stacktrace:
	GetHandleVerifier [0x0x7ff7a503e8e5+80021]
	GetHandleVerifier [0x0x7ff7a503e940+80112]
	(No symbol) [0x0x7ff7a4dc0425]
	(No symbol) [0x0x7ff7a4e19dc3]
	(No symbol) [0x0x7ff7a4e0b7c8]
	(No symbol) [0x0x7ff7a4e4122a]
	(No symbol) [0x0x7ff7a4e0b056]
	(No symbol) [0x0x7ff7a4e41440]
	(No symbol) [0x0x7ff7a4e6968a]
	(No symbol) [0x0x7ff7a4e41003]
	(No symbol) [0x0x7ff7a4e095d1]
	(No symbol) [0x0x7ff7a4e0a3f3]
	GetHandleVerifier [0x0x7ff7a52fdc7d+2960429]
	GetHandleVerifier [0x0x7ff7a52f7f3a+2936554]
	GetHandleVerifier [0x0x7ff7a5318977+3070247]
	GetHandleVerifier [0x0x7ff7a50583ce+185214]
	GetHandleVerifier [0x0x7ff7a505fe1f+216527]
	GetHandleVerifier [0x0x7ff7a5047b24+117460]
	GetHandleVerifier [0x0x7ff7a5047cdf+117903]
	GetHandleVerifier [0x0x7ff7a502dbb8+11112]
	BaseThreadInitThunk [0x0x7ffc46ffe8d7+23]
	RtlUserThreadStart [0x0x7ffc4820c53c+44]
</status>
</test>
<test id="s1-t3" name="BUY PRODUCT TEST" line="22">
<kw name="Log in" owner="resources">
<kw name="Open Browser" owner="SeleniumLibrary">
<msg time="2025-10-23T22:59:28.376005" level="INFO">Opening browser 'Chrome' to base url 'https://www.demoblaze.com/'.</msg>
<arg>${baseUrl}</arg>
<arg>Chrome</arg>
<doc>Opens a new browser instance to the optional ``url``.</doc>
<status status="PASS" start="2025-10-23T22:59:28.375787" elapsed="2.527156"/>
</kw>
<kw name="Wait Until Page Contains Element" owner="SeleniumLibrary">
<arg>${logInButton}</arg>
<arg>timeout=80</arg>
<arg>error=logInButtonNotFound</arg>
<doc>Waits until the element ``locator`` appears on the current page.</doc>
<status status="PASS" start="2025-10-23T22:59:30.903197" elapsed="0.017759"/>
</kw>
<kw name="Sleep" owner="BuiltIn">
<msg time="2025-10-23T22:59:31.922040" level="INFO">Slept 1 second.</msg>
<arg>1s</arg>
<doc>Pauses the test executed for the given time.</doc>
<status status="PASS" start="2025-10-23T22:59:30.921248" elapsed="1.000905"/>
</kw>
<kw name="Click Element" owner="SeleniumLibrary">
<msg time="2025-10-23T22:59:31.922846" level="INFO">Clicking element '//*[@id="login2"]'.</msg>
<arg>${logInButton}</arg>
<doc>Click the element identified by ``locator``.</doc>
<status status="PASS" start="2025-10-23T22:59:31.922494" elapsed="0.070672"/>
</kw>
<kw name="Wait Until Page Contains Element" owner="SeleniumLibrary">
<arg>${loginUsernameField}</arg>
<arg>timeout=80</arg>
<arg>error=logInButtonNotFound</arg>
<doc>Waits until the element ``locator`` appears on the current page.</doc>
<status status="PASS" start="2025-10-23T22:59:31.993418" elapsed="0.010442"/>
</kw>
<kw name="Sleep" owner="BuiltIn">
<msg time="2025-10-23T22:59:33.005123" level="INFO">Slept 1 second.</msg>
<arg>1s</arg>
<doc>Pauses the test executed for the given time.</doc>
<status status="PASS" start="2025-10-23T22:59:32.004127" elapsed="1.001464"/>
</kw>
<kw name="Input Text" owner="SeleniumLibrary">
<msg time="2025-10-23T22:59:33.009496" level="INFO">Typing text 'danaTest1' into text field '//*[@id="loginusername"]'.</msg>
<arg>${loginUsernameField}</arg>
<arg>${login}</arg>
<doc>Types the given ``text`` into the text field identified by ``locator``.</doc>
<status status="PASS" start="2025-10-23T22:59:33.006393" elapsed="0.125824"/>
</kw>
<kw name="Input Password" owner="SeleniumLibrary">
<msg time="2025-10-23T22:59:33.132714" level="INFO">Typing password into text field '//*[@id="loginpassword"]'.</msg>
<msg time="2025-10-23T22:59:33.164306" level="INFO">Temporally setting log level to: NONE</msg>
<arg>${loginPasswordField}</arg>
<arg>${password}</arg>
<doc>Types the given password into the text field identified by ``locator``.</doc>
<status status="PASS" start="2025-10-23T22:59:33.132419" elapsed="0.071463"/>
</kw>
<kw name="Sleep" owner="BuiltIn">
<msg time="2025-10-23T22:59:34.204754" level="INFO">Slept 1 second.</msg>
<arg>1s</arg>
<doc>Pauses the test executed for the given time.</doc>
<status status="PASS" start="2025-10-23T22:59:33.204044" elapsed="1.000822"/>
</kw>
<kw name="Click Element" owner="SeleniumLibrary">
<msg time="2025-10-23T22:59:34.205282" level="INFO">Clicking element '//*[@id="logInModal"]/div/div/div[3]/button[2]'.</msg>
<arg>${logInFormButton}</arg>
<doc>Click the element identified by ``locator``.</doc>
<status status="PASS" start="2025-10-23T22:59:34.205043" elapsed="0.054740"/>
</kw>
<kw name="Sleep" owner="BuiltIn">
<msg time="2025-10-23T22:59:36.260658" level="INFO">Slept 2 seconds.</msg>
<arg>2s</arg>
<doc>Pauses the test executed for the given time.</doc>
<status status="PASS" start="2025-10-23T22:59:34.259947" elapsed="2.001065"/>
</kw>
<status status="PASS" start="2025-10-23T22:59:28.375493" elapsed="7.885911"/>
</kw>
<kw name="Add product to cart" owner="resources">
<kw name="Wait Until Page Contains Element" owner="SeleniumLibrary">
<arg>${categories}</arg>
<arg>timeout=80</arg>
<doc>Waits until the element ``locator`` appears on the current page.</doc>
<status status="PASS" start="2025-10-23T22:59:36.263824" elapsed="0.039183"/>
</kw>
<kw name="Click Element" owner="SeleniumLibrary">
<msg time="2025-10-23T22:59:36.304311" level="INFO">Clicking element '//*[@id="cat"]'.</msg>
<msg time="2025-10-23T22:59:37.336594" level="INFO" html="true">&lt;/td&gt;&lt;/tr&gt;&lt;tr&gt;&lt;td colspan="3"&gt;&lt;a href="selenium-screenshot-34.png"&gt;&lt;img src="selenium-screenshot-34.png" width="800px"&gt;&lt;/a&gt;</msg>
<msg time="2025-10-23T22:59:37.336772" level="FAIL">StaleElementReferenceException: Message: stale element reference: stale element not found
  (Session info: chrome=141.0.7390.109); For documentation on this error, please visit: https://www.selenium.dev/documentation/webdriver/troubleshooting/errors#staleelementreferenceexception
Stacktrace:
	GetHandleVerifier [0x0x7ff7a503e8e5+80021]
	GetHandleVerifier [0x0x7ff7a503e940+80112]
	(No symbol) [0x0x7ff7a4dc060f]
	(No symbol) [0x0x7ff7a4dd6e35]
	(No symbol) [0x0x7ff7a4dd5923]
	(No symbol) [0x0x7ff7a4dc8ea7]
	(No symbol) [0x0x7ff7a4dc6d80]
	(No symbol) [0x0x7ff7a4dcb26f]
	(No symbol) [0x0x7ff7a4dcb32f]
	(No symbol) [0x0x7ff7a4e1aacd]
	(No symbol) [0x0x7ff7a4e0b733]
	(No symbol) [0x0x7ff7a4e4122a]
	(No symbol) [0x0x7ff7a4e0b056]
	(No symbol) [0x0x7ff7a4e41440]
	(No symbol) [0x0x7ff7a4e6968a]
	(No symbol) [0x0x7ff7a4e41003]
	(No symbol) [0x0x7ff7a4e095d1]
	(No symbol) [0x0x7ff7a4e0a3f3]
	GetHandleVerifier [0x0x7ff7a52fdc7d+2960429]
	GetHandleVerifier [0x0x7ff7a52f7f3a+2936554]
	GetHandleVerifier [0x0x7ff7a5318977+3070247]
	GetHandleVerifier [0x0x7ff7a50583ce+185214]
	GetHandleVerifier [0x0x7ff7a505fe1f+216527]
	GetHandleVerifier [0x0x7ff7a5047b24+117460]
	GetHandleVerifier [0x0x7ff7a5047cdf+117903]
	GetHandleVerifier [0x0x7ff7a502dbb8+11112]
	BaseThreadInitThunk [0x0x7ffc46ffe8d7+23]
	RtlUserThreadStart [0x0x7ffc4820c53c+44]
</msg>
<arg>${categories}</arg>
<doc>Click the element identified by ``locator``.</doc>
<status status="FAIL" start="2025-10-23T22:59:36.303558" elapsed="1.034671">StaleElementReferenceException: Message: stale element reference: stale element not found
  (Session info: chrome=141.0.7390.109); For documentation on this error, please visit: https://www.selenium.dev/documentation/webdriver/troubleshooting/errors#staleelementreferenceexception
Stacktrace:
	GetHandleVerifier [0x0x7ff7a503e8e5+80021]
	GetHandleVerifier [0x0x7ff7a503e940+80112]
	(No symbol) [0x0x7ff7a4dc060f]
	(No symbol) [0x0x7ff7a4dd6e35]
	(No symbol) [0x0x7ff7a4dd5923]
	(No symbol) [0x0x7ff7a4dc8ea7]
	(No symbol) [0x0x7ff7a4dc6d80]
	(No symbol) [0x0x7ff7a4dcb26f]
	(No symbol) [0x0x7ff7a4dcb32f]
	(No symbol) [0x0x7ff7a4e1aacd]
	(No symbol) [0x0x7ff7a4e0b733]
	(No symbol) [0x0x7ff7a4e4122a]
	(No symbol) [0x0x7ff7a4e0b056]
	(No symbol) [0x0x7ff7a4e41440]
	(No symbol) [0x0x7ff7a4e6968a]
	(No symbol) [0x0x7ff7a4e41003]
	(No symbol) [0x0x7ff7a4e095d1]
	(No symbol) [0x0x7ff7a4e0a3f3]
	GetHandleVerifier [0x0x7ff7a52fdc7d+2960429]
	GetHandleVerifier [0x0x7ff7a52f7f3a+2936554]
	GetHandleVerifier [0x0x7ff7a5318977+3070247]
	GetHandleVerifier [0x0x7ff7a50583ce+185214]
	GetHandleVerifier [0x0x7ff7a505fe1f+216527]
	GetHandleVerifier [0x0x7ff7a5047b24+117460]
	GetHandleVerifier [0x0x7ff7a5047cdf+117903]
	GetHandleVerifier [0x0x7ff7a502dbb8+11112]
	BaseThreadInitThunk [0x0x7ffc46ffe8d7+23]
	RtlUserThreadStart [0x0x7ffc4820c53c+44]
</status>
</kw>
<kw name="Sleep" owner="BuiltIn">
<arg>2s</arg>
<doc>Pauses the test executed for the given time.</doc>
<status status="NOT RUN" start="2025-10-23T22:59:37.338411" elapsed="0.000039"/>
</kw>
<kw name="Click Element" owner="SeleniumLibrary">
<arg>${phonesButton}</arg>
<doc>Click the element identified by ``locator``.</doc>
<status status="NOT RUN" start="2025-10-23T22:59:37.338555" elapsed="0.000029"/>
</kw>
<kw name="Sleep" owner="BuiltIn">
<arg>2s</arg>
<doc>Pauses the test executed for the given time.</doc>
<status status="NOT RUN" start="2025-10-23T22:59:37.338673" elapsed="0.000028"/>
</kw>
<kw name="Click Element" owner="SeleniumLibrary">
<arg>${itemToBuy}</arg>
<doc>Click the element identified by ``locator``.</doc>
<status status="NOT RUN" start="2025-10-23T22:59:37.338804" elapsed="0.000027"/>
</kw>
<kw name="Sleep" owner="BuiltIn">
<arg>2s</arg>
<doc>Pauses the test executed for the given time.</doc>
<status status="NOT RUN" start="2025-10-23T22:59:37.338917" elapsed="0.000027"/>
</kw>
<kw name="Click Element" owner="SeleniumLibrary">
<arg>${addToCart}</arg>
<doc>Click the element identified by ``locator``.</doc>
<status status="NOT RUN" start="2025-10-23T22:59:37.339031" elapsed="0.000032"/>
</kw>
<status status="FAIL" start="2025-10-23T22:59:36.262771" elapsed="1.076423">StaleElementReferenceException: Message: stale element reference: stale element not found
  (Session info: chrome=141.0.7390.109); For documentation on this error, please visit: https://www.selenium.dev/documentation/webdriver/troubleshooting/errors#staleelementreferenceexception
Stacktrace:
	GetHandleVerifier [0x0x7ff7a503e8e5+80021]
	GetHandleVerifier [0x0x7ff7a503e940+80112]
	(No symbol) [0x0x7ff7a4dc060f]
	(No symbol) [0x0x7ff7a4dd6e35]
	(No symbol) [0x0x7ff7a4dd5923]
	(No symbol) [0x0x7ff7a4dc8ea7]
	(No symbol) [0x0x7ff7a4dc6d80]
	(No symbol) [0x0x7ff7a4dcb26f]
	(No symbol) [0x0x7ff7a4dcb32f]
	(No symbol) [0x0x7ff7a4e1aacd]
	(No symbol) [0x0x7ff7a4e0b733]
	(No symbol) [0x0x7ff7a4e4122a]
	(No symbol) [0x0x7ff7a4e0b056]
	(No symbol) [0x0x7ff7a4e41440]
	(No symbol) [0x0x7ff7a4e6968a]
	(No symbol) [0x0x7ff7a4e41003]
	(No symbol) [0x0x7ff7a4e095d1]
	(No symbol) [0x0x7ff7a4e0a3f3]
	GetHandleVerifier [0x0x7ff7a52fdc7d+2960429]
	GetHandleVerifier [0x0x7ff7a52f7f3a+2936554]
	GetHandleVerifier [0x0x7ff7a5318977+3070247]
	GetHandleVerifier [0x0x7ff7a50583ce+185214]
	GetHandleVerifier [0x0x7ff7a505fe1f+216527]
	GetHandleVerifier [0x0x7ff7a5047b24+117460]
	GetHandleVerifier [0x0x7ff7a5047cdf+117903]
	GetHandleVerifier [0x0x7ff7a502dbb8+11112]
	BaseThreadInitThunk [0x0x7ffc46ffe8d7+23]
	RtlUserThreadStart [0x0x7ffc4820c53c+44]
</status>
</kw>
<kw name="Pay" owner="resources">
<status status="NOT RUN" start="2025-10-23T22:59:37.339633" elapsed="0.000043"/>
</kw>
<kw name="Log out" owner="resources">
<status status="NOT RUN" start="2025-10-23T22:59:37.339975" elapsed="0.000039"/>
</kw>
<kw name="Close Browser" owner="resources">
<status status="NOT RUN" start="2025-10-23T22:59:37.340294" elapsed="0.000040"/>
</kw>
<status status="FAIL" start="2025-10-23T22:59:28.374929" elapsed="8.965682">StaleElementReferenceException: Message: stale element reference: stale element not found
  (Session info: chrome=141.0.7390.109); For documentation on this error, please visit: https://www.selenium.dev/documentation/webdriver/troubleshooting/errors#staleelementreferenceexception
Stacktrace:
	GetHandleVerifier [0x0x7ff7a503e8e5+80021]
	GetHandleVerifier [0x0x7ff7a503e940+80112]
	(No symbol) [0x0x7ff7a4dc060f]
	(No symbol) [0x0x7ff7a4dd6e35]
	(No symbol) [0x0x7ff7a4dd5923]
	(No symbol) [0x0x7ff7a4dc8ea7]
	(No symbol) [0x0x7ff7a4dc6d80]
	(No symbol) [0x0x7ff7a4dcb26f]
	(No symbol) [0x0x7ff7a4dcb32f]
	(No symbol) [0x0x7ff7a4e1aacd]
	(No symbol) [0x0x7ff7a4e0b733]
	(No symbol) [0x0x7ff7a4e4122a]
	(No symbol) [0x0x7ff7a4e0b056]
	(No symbol) [0x0x7ff7a4e41440]
	(No symbol) [0x0x7ff7a4e6968a]
	(No symbol) [0x0x7ff7a4e41003]
	(No symbol) [0x0x7ff7a4e095d1]
	(No symbol) [0x0x7ff7a4e0a3f3]
	GetHandleVerifier [0x0x7ff7a52fdc7d+2960429]
	GetHandleVerifier [0x0x7ff7a52f7f3a+2936554]
	GetHandleVerifier [0x0x7ff7a5318977+3070247]
	GetHandleVerifier [0x0x7ff7a50583ce+185214]
	GetHandleVerifier [0x0x7ff7a505fe1f+216527]
	GetHandleVerifier [0x0x7ff7a5047b24+117460]
	GetHandleVerifier [0x0x7ff7a5047cdf+117903]
	GetHandleVerifier [0x0x7ff7a502dbb8+11112]
	BaseThreadInitThunk [0x0x7ffc46ffe8d7+23]
	RtlUserThreadStart [0x0x7ffc4820c53c+44]
</status>
</test>
<kw name="Close Browser" owner="resources" type="TEARDOWN">
<kw name="Close All Browsers" owner="SeleniumLibrary">
<doc>Closes all open browsers and resets the browser cache.</doc>
<status status="PASS" start="2025-10-23T22:59:37.342039" elapsed="4.391252"/>
</kw>
<status status="PASS" start="2025-10-23T22:59:37.341827" elapsed="4.392000"/>
</kw>
<status status="FAIL" start="2025-10-23T22:59:03.081635" elapsed="38.652469"/>
</suite>
<statistics>
<total>
<stat pass="1" fail="2" skip="0">All Tests</stat>
</total>
<tag>
</tag>
<suite>
<stat name="Test" id="s1" pass="1" fail="2" skip="0">Test</stat>
</suite>
</statistics>
<errors>
</errors>
</robot>
